"Start of log file."
"C:/Users/Z/Desktop/Github/IHC/Assets/MODELO~1/ambiente/b/PALMN2~1.MAX"
"Starting max loading and fbx conversion"
window = undefined
"Settings units"
"Before fbx export"
"After fbx export"
"Finished max loading and fbx conversion"
"C:/Users/Z/Desktop/Github/IHC/Assets/MODELO~1/ambiente/arbol2/TREE2N~1.MAX"
"Starting max loading and fbx conversion"
window = undefined
"Settings units"
"Before fbx export"
"After fbx export"
"Finished max loading and fbx conversion"
"C:/Users/Z/Desktop/Github/IHC/Assets/MODELO~1/ambiente/c/PALMN1~1.MAX"
"Starting max loading and fbx conversion"
window = undefined
"Settings units"
"Before fbx export"
"After fbx export"
"Finished max loading and fbx conversion"
